{"/Users/melaniewong/Desktop/express-jobly/helpers/sql.js": {"path":"/Users/melaniewong/Desktop/express-jobly/helpers/sql.js","statementMap":{"0":{"start":{"line":1,"column":28},"end":{"line":1,"column":54}},"1":{"start":{"line":7,"column":15},"end":{"line":7,"column":40}},"2":{"start":{"line":8,"column":2},"end":{"line":8,"column":62}},"3":{"start":{"line":8,"column":25},"end":{"line":8,"column":62}},"4":{"start":{"line":11,"column":15},"end":{"line":13,"column":3}},"5":{"start":{"line":12,"column":6},"end":{"line":12,"column":52}},"6":{"start":{"line":15,"column":2},"end":{"line":18,"column":4}},"7":{"start":{"line":27,"column":26},"end":{"line":27,"column":70}},"8":{"start":{"line":28,"column":23},"end":{"line":28,"column":25}},"9":{"start":{"line":30,"column":15},"end":{"line":30,"column":35}},"10":{"start":{"line":31,"column":2},"end":{"line":32,"column":41}},"11":{"start":{"line":31,"column":45},"end":{"line":31,"column":75}},"12":{"start":{"line":32,"column":4},"end":{"line":32,"column":40}},"13":{"start":{"line":35,"column":2},"end":{"line":37,"column":5}},"14":{"start":{"line":36,"column":6},"end":{"line":36,"column":59}},"15":{"start":{"line":39,"column":2},"end":{"line":41,"column":5}},"16":{"start":{"line":40,"column":6},"end":{"line":40,"column":59}},"17":{"start":{"line":43,"column":2},"end":{"line":45,"column":5}},"18":{"start":{"line":44,"column":6},"end":{"line":44,"column":53}},"19":{"start":{"line":47,"column":18},"end":{"line":51,"column":5}},"20":{"start":{"line":53,"column":15},"end":{"line":55,"column":3}},"21":{"start":{"line":54,"column":6},"end":{"line":54,"column":41}},"22":{"start":{"line":58,"column":2},"end":{"line":61,"column":4}},"23":{"start":{"line":65,"column":0},"end":{"line":65,"column":41}},"24":{"start":{"line":28,"column":13},"end":{"line":28,"column":15}},"25":{"start":{"line":29,"column":23},"end":{"line":29,"column":25}},"26":{"start":{"line":31,"column":15},"end":{"line":31,"column":35}},"27":{"start":{"line":32,"column":2},"end":{"line":33,"column":41}},"28":{"start":{"line":32,"column":45},"end":{"line":32,"column":75}},"29":{"start":{"line":33,"column":4},"end":{"line":33,"column":40}},"30":{"start":{"line":36,"column":2},"end":{"line":38,"column":5}},"31":{"start":{"line":37,"column":6},"end":{"line":37,"column":59}},"32":{"start":{"line":40,"column":2},"end":{"line":42,"column":5}},"33":{"start":{"line":41,"column":6},"end":{"line":41,"column":59}},"34":{"start":{"line":44,"column":2},"end":{"line":46,"column":5}},"35":{"start":{"line":45,"column":6},"end":{"line":45,"column":53}},"36":{"start":{"line":48,"column":18},"end":{"line":52,"column":5}},"37":{"start":{"line":54,"column":3},"end":{"line":56,"column":4}},"38":{"start":{"line":55,"column":6},"end":{"line":55,"column":41}},"39":{"start":{"line":59,"column":2},"end":{"line":62,"column":4}},"40":{"start":{"line":66,"column":0},"end":{"line":66,"column":41}},"41":{"start":{"line":36,"column":6},"end":{"line":36,"column":65}},"42":{"start":{"line":53,"column":3},"end":{"line":55,"column":4}},"43":{"start":{"line":36,"column":6},"end":{"line":36,"column":61}}},"fnMap":{"0":{"name":"sqlForPartialUpdate","decl":{"start":{"line":6,"column":9},"end":{"line":6,"column":28}},"loc":{"start":{"line":6,"column":52},"end":{"line":19,"column":1}},"line":6},"1":{"name":"(anonymous_1)","decl":{"start":{"line":11,"column":24},"end":{"line":11,"column":25}},"loc":{"start":{"line":12,"column":6},"end":{"line":12,"column":52}},"line":12},"2":{"name":"createWhereSql","decl":{"start":{"line":25,"column":9},"end":{"line":25,"column":23}},"loc":{"start":{"line":25,"column":32},"end":{"line":63,"column":1}},"line":25},"3":{"name":"(anonymous_3)","decl":{"start":{"line":31,"column":37},"end":{"line":31,"column":38}},"loc":{"start":{"line":31,"column":45},"end":{"line":31,"column":75}},"line":31},"4":{"name":"(anonymous_4)","decl":{"start":{"line":53,"column":32},"end":{"line":53,"column":33}},"loc":{"start":{"line":54,"column":6},"end":{"line":54,"column":41}},"line":54},"5":{"name":"createWhereSql","decl":{"start":{"line":25,"column":9},"end":{"line":25,"column":23}},"loc":{"start":{"line":25,"column":32},"end":{"line":64,"column":1}},"line":25},"6":{"name":"(anonymous_3)","decl":{"start":{"line":32,"column":37},"end":{"line":32,"column":38}},"loc":{"start":{"line":32,"column":45},"end":{"line":32,"column":75}},"line":32},"7":{"name":"(anonymous_4)","decl":{"start":{"line":54,"column":27},"end":{"line":54,"column":28}},"loc":{"start":{"line":55,"column":6},"end":{"line":55,"column":41}},"line":55}},"branchMap":{"0":{"loc":{"start":{"line":8,"column":2},"end":{"line":8,"column":62}},"type":"if","locations":[{"start":{"line":8,"column":2},"end":{"line":8,"column":62}},{"start":{},"end":{}}],"line":8},"1":{"loc":{"start":{"line":12,"column":10},"end":{"line":12,"column":37}},"type":"binary-expr","locations":[{"start":{"line":12,"column":10},"end":{"line":12,"column":26}},{"start":{"line":12,"column":30},"end":{"line":12,"column":37}}],"line":12},"2":{"loc":{"start":{"line":31,"column":2},"end":{"line":32,"column":41}},"type":"if","locations":[{"start":{"line":31,"column":2},"end":{"line":32,"column":41}},{"start":{},"end":{}}],"line":31},"3":{"loc":{"start":{"line":31,"column":6},"end":{"line":31,"column":77}},"type":"binary-expr","locations":[{"start":{"line":31,"column":6},"end":{"line":31,"column":23}},{"start":{"line":31,"column":27},"end":{"line":31,"column":77}}],"line":31},"4":{"loc":{"start":{"line":35,"column":2},"end":{"line":37,"column":5}},"type":"if","locations":[{"start":{"line":35,"column":2},"end":{"line":37,"column":5}},{"start":{},"end":{}}],"line":35},"5":{"loc":{"start":{"line":39,"column":2},"end":{"line":41,"column":5}},"type":"if","locations":[{"start":{"line":39,"column":2},"end":{"line":41,"column":5}},{"start":{},"end":{}}],"line":39},"6":{"loc":{"start":{"line":43,"column":2},"end":{"line":45,"column":5}},"type":"if","locations":[{"start":{"line":43,"column":2},"end":{"line":45,"column":5}},{"start":{},"end":{}}],"line":43},"7":{"loc":{"start":{"line":32,"column":2},"end":{"line":33,"column":41}},"type":"if","locations":[{"start":{"line":32,"column":2},"end":{"line":33,"column":41}},{"start":{},"end":{}}],"line":32},"8":{"loc":{"start":{"line":32,"column":6},"end":{"line":32,"column":77}},"type":"binary-expr","locations":[{"start":{"line":32,"column":6},"end":{"line":32,"column":23}},{"start":{"line":32,"column":27},"end":{"line":32,"column":77}}],"line":32},"9":{"loc":{"start":{"line":36,"column":2},"end":{"line":38,"column":5}},"type":"if","locations":[{"start":{"line":36,"column":2},"end":{"line":38,"column":5}},{"start":{},"end":{}}],"line":36},"10":{"loc":{"start":{"line":40,"column":2},"end":{"line":42,"column":5}},"type":"if","locations":[{"start":{"line":40,"column":2},"end":{"line":42,"column":5}},{"start":{},"end":{}}],"line":40},"11":{"loc":{"start":{"line":44,"column":2},"end":{"line":46,"column":5}},"type":"if","locations":[{"start":{"line":44,"column":2},"end":{"line":46,"column":5}},{"start":{},"end":{}}],"line":44}},"s":{"0":7,"1":2,"2":2,"3":1,"4":1,"5":2,"6":1,"7":0,"8":0,"9":0,"10":0,"11":0,"12":0,"13":0,"14":0,"15":0,"16":0,"17":0,"18":0,"19":0,"20":0,"21":0,"22":0,"23":5,"24":0,"25":0,"26":0,"27":0,"28":0,"29":0,"30":0,"31":0,"32":0,"33":0,"34":0,"35":0,"36":0,"37":0,"38":0,"39":0,"40":2,"41":0,"42":0,"43":0},"f":{"0":2,"1":2,"2":0,"3":0,"4":0,"5":0,"6":0,"7":0},"b":{"0":[1,1],"1":[2,0],"2":[0,0],"3":[0,0],"4":[0,0],"5":[0,0],"6":[0,0],"7":[0,0],"8":[0,0],"9":[0,0],"10":[0,0],"11":[0,0]},"_coverageSchema":"1a1c01bbd47fc00a2c39e90264f33305004495a9","hash":"9a43ce7945c36a9fdfaca451552fc72d238b195a"}
,"/Users/melaniewong/Desktop/express-jobly/models/company.js": {"path":"/Users/melaniewong/Desktop/express-jobly/models/company.js","statementMap":{"0":{"start":{"line":3,"column":11},"end":{"line":3,"column":27}},"1":{"start":{"line":4,"column":43},"end":{"line":4,"column":69}},"2":{"start":{"line":5,"column":32},"end":{"line":5,"column":57}},"3":{"start":{"line":20,"column":27},"end":{"line":24,"column":15}},"4":{"start":{"line":26,"column":4},"end":{"line":27,"column":64}},"5":{"start":{"line":27,"column":6},"end":{"line":27,"column":64}},"6":{"start":{"line":29,"column":19},"end":{"line":46,"column":5}},"7":{"start":{"line":47,"column":20},"end":{"line":47,"column":34}},"8":{"start":{"line":49,"column":4},"end":{"line":49,"column":19}},"9":{"start":{"line":58,"column":4},"end":{"line":68,"column":5}},"10":{"start":{"line":59,"column":27},"end":{"line":66,"column":26}},"11":{"start":{"line":67,"column":6},"end":{"line":67,"column":31}},"12":{"start":{"line":70,"column":4},"end":{"line":76,"column":33}},"13":{"start":{"line":78,"column":32},"end":{"line":84,"column":8}},"14":{"start":{"line":85,"column":25},"end":{"line":85,"column":50}},"15":{"start":{"line":87,"column":21},"end":{"line":94,"column":18}},"16":{"start":{"line":95,"column":19},"end":{"line":95,"column":64}},"17":{"start":{"line":107,"column":23},"end":{"line":115,"column":15}},"18":{"start":{"line":117,"column":20},"end":{"line":117,"column":38}},"19":{"start":{"line":119,"column":4},"end":{"line":119,"column":67}},"20":{"start":{"line":119,"column":18},"end":{"line":119,"column":67}},"21":{"start":{"line":121,"column":4},"end":{"line":121,"column":19}},"22":{"start":{"line":137,"column":32},"end":{"line":142,"column":8}},"23":{"start":{"line":143,"column":25},"end":{"line":143,"column":50}},"24":{"start":{"line":145,"column":21},"end":{"line":149,"column":100}},"25":{"start":{"line":150,"column":19},"end":{"line":150,"column":64}},"26":{"start":{"line":151,"column":20},"end":{"line":151,"column":34}},"27":{"start":{"line":153,"column":4},"end":{"line":153,"column":67}},"28":{"start":{"line":153,"column":18},"end":{"line":153,"column":67}},"29":{"start":{"line":155,"column":4},"end":{"line":155,"column":19}},"30":{"start":{"line":164,"column":19},"end":{"line":169,"column":15}},"31":{"start":{"line":170,"column":20},"end":{"line":170,"column":34}},"32":{"start":{"line":172,"column":4},"end":{"line":172,"column":67}},"33":{"start":{"line":172,"column":18},"end":{"line":172,"column":67}},"34":{"start":{"line":182,"column":0},"end":{"line":182,"column":25}}},"fnMap":{"0":{"name":"(anonymous_0)","decl":{"start":{"line":19,"column":2},"end":{"line":19,"column":3}},"loc":{"start":{"line":19,"column":76},"end":{"line":50,"column":3}},"line":19},"1":{"name":"(anonymous_1)","decl":{"start":{"line":57,"column":2},"end":{"line":57,"column":3}},"loc":{"start":{"line":57,"column":32},"end":{"line":96,"column":3}},"line":57},"2":{"name":"(anonymous_2)","decl":{"start":{"line":106,"column":2},"end":{"line":106,"column":3}},"loc":{"start":{"line":106,"column":27},"end":{"line":122,"column":3}},"line":106},"3":{"name":"(anonymous_3)","decl":{"start":{"line":136,"column":2},"end":{"line":136,"column":3}},"loc":{"start":{"line":136,"column":36},"end":{"line":156,"column":3}},"line":136},"4":{"name":"(anonymous_4)","decl":{"start":{"line":163,"column":2},"end":{"line":163,"column":3}},"loc":{"start":{"line":163,"column":30},"end":{"line":173,"column":3}},"line":163}},"branchMap":{"0":{"loc":{"start":{"line":26,"column":4},"end":{"line":27,"column":64}},"type":"if","locations":[{"start":{"line":26,"column":4},"end":{"line":27,"column":64}},{"start":{},"end":{}}],"line":26},"1":{"loc":{"start":{"line":58,"column":4},"end":{"line":68,"column":5}},"type":"if","locations":[{"start":{"line":58,"column":4},"end":{"line":68,"column":5}},{"start":{},"end":{}}],"line":58},"2":{"loc":{"start":{"line":119,"column":4},"end":{"line":119,"column":67}},"type":"if","locations":[{"start":{"line":119,"column":4},"end":{"line":119,"column":67}},{"start":{},"end":{}}],"line":119},"3":{"loc":{"start":{"line":153,"column":4},"end":{"line":153,"column":67}},"type":"if","locations":[{"start":{"line":153,"column":4},"end":{"line":153,"column":67}},{"start":{},"end":{}}],"line":153},"4":{"loc":{"start":{"line":172,"column":4},"end":{"line":172,"column":67}},"type":"if","locations":[{"start":{"line":172,"column":4},"end":{"line":172,"column":67}},{"start":{},"end":{}}],"line":172}},"s":{"0":5,"1":5,"2":5,"3":0,"4":0,"5":0,"6":0,"7":0,"8":0,"9":0,"10":0,"11":0,"12":0,"13":0,"14":0,"15":0,"16":0,"17":0,"18":0,"19":0,"20":0,"21":0,"22":0,"23":0,"24":0,"25":0,"26":0,"27":0,"28":0,"29":0,"30":0,"31":0,"32":0,"33":0,"34":5},"f":{"0":0,"1":0,"2":0,"3":0,"4":0},"b":{"0":[0,0],"1":[0,0],"2":[0,0],"3":[0,0],"4":[0,0]},"_coverageSchema":"1a1c01bbd47fc00a2c39e90264f33305004495a9","hash":"63b8aa53e0dd8ac7ce30e1e0590e472416523b7f"}
}
