TN:
SF:helpers/sql.js
FN:6,sqlForPartialUpdate
FN:11,(anonymous_1)
FN:25,createWhereSql
FN:31,(anonymous_3)
FN:53,(anonymous_4)
FN:25,createWhereSql
FN:32,(anonymous_3)
FN:54,(anonymous_4)
FNF:8
FNH:2
FNDA:2,sqlForPartialUpdate
FNDA:2,(anonymous_1)
FNDA:0,createWhereSql
FNDA:0,(anonymous_3)
FNDA:0,(anonymous_4)
FNDA:0,createWhereSql
FNDA:0,(anonymous_3)
FNDA:0,(anonymous_4)
DA:1,7
DA:7,2
DA:8,2
DA:11,1
DA:12,2
DA:15,1
DA:27,0
DA:28,0
DA:29,0
DA:30,0
DA:31,0
DA:32,0
DA:33,0
DA:35,0
DA:36,0
DA:37,0
DA:39,0
DA:40,0
DA:41,0
DA:43,0
DA:44,0
DA:45,0
DA:47,0
DA:48,0
DA:53,0
DA:54,0
DA:55,0
DA:58,0
DA:59,0
DA:65,5
DA:66,2
LF:31
LH:8
BRDA:8,0,0,1
BRDA:8,0,1,1
BRDA:12,1,0,2
BRDA:12,1,1,0
BRDA:31,2,0,0
BRDA:31,2,1,0
BRDA:31,3,0,0
BRDA:31,3,1,0
BRDA:35,4,0,0
BRDA:35,4,1,0
BRDA:39,5,0,0
BRDA:39,5,1,0
BRDA:43,6,0,0
BRDA:43,6,1,0
BRDA:32,7,0,0
BRDA:32,7,1,0
BRDA:32,8,0,0
BRDA:32,8,1,0
BRDA:36,9,0,0
BRDA:36,9,1,0
BRDA:40,10,0,0
BRDA:40,10,1,0
BRDA:44,11,0,0
BRDA:44,11,1,0
BRF:24
BRH:3
end_of_record
TN:
SF:models/company.js
FN:19,(anonymous_0)
FN:57,(anonymous_1)
FN:106,(anonymous_2)
FN:136,(anonymous_3)
FN:163,(anonymous_4)
FNF:5
FNH:0
FNDA:0,(anonymous_0)
FNDA:0,(anonymous_1)
FNDA:0,(anonymous_2)
FNDA:0,(anonymous_3)
FNDA:0,(anonymous_4)
DA:3,5
DA:4,5
DA:5,5
DA:20,0
DA:26,0
DA:27,0
DA:29,0
DA:47,0
DA:49,0
DA:58,0
DA:59,0
DA:67,0
DA:70,0
DA:78,0
DA:85,0
DA:87,0
DA:95,0
DA:107,0
DA:117,0
DA:119,0
DA:121,0
DA:137,0
DA:143,0
DA:145,0
DA:150,0
DA:151,0
DA:153,0
DA:155,0
DA:164,0
DA:170,0
DA:172,0
DA:182,5
LF:32
LH:4
BRDA:26,0,0,0
BRDA:26,0,1,0
BRDA:58,1,0,0
BRDA:58,1,1,0
BRDA:119,2,0,0
BRDA:119,2,1,0
BRDA:153,3,0,0
BRDA:153,3,1,0
BRDA:172,4,0,0
BRDA:172,4,1,0
BRF:10
BRH:0
end_of_record
